<?xml version="1.0" encoding="UTF-8"?>
<!-- Generated by org.testng.reporters.JUnitXMLReporter -->
<testsuite ignored="0" hostname="Stock" failures="4" tests="6" name="Test" time="308.43" errors="0" timestamp="2020-09-01T20:35:15 IST">
  <testcase classname="com.nagarro.selenium.Ashwani_4141_SeleniumAssignment2.testcases.SearchPageTest" name="searchADress" time="11.698">
    <failure type="java.lang.AssertionError" message="The following asserts failed:
	expected [Printed Summer Dress] but found [Printed Chiffon Dress]">
      <![CDATA[java.lang.AssertionError: The following asserts failed:
expected [Printed Summer Dress] but found [Printed Chiffon Dress]
at com.nagarro.selenium.Ashwani_4141_SeleniumAssignment2.testcases.SearchPageTest.searchADress(SearchPageTest.java:33)
at java.base/java.util.ArrayList.forEach(ArrayList.java:1511)
... Removed 29 stack frames]]>
    </failure>
  </testcase> <!-- searchADress -->
  <testcase classname="com.nagarro.selenium.Ashwani_4141_SeleniumAssignment2.testcases.SearchPageTest" name="validateProductPrize" time="54.246"/>
  <testcase classname="com.nagarro.selenium.Ashwani_4141_SeleniumAssignment2.testcases.LoginPageTest" name="navigateToForgotPasswordPage" time="12.829">
    <failure type="java.lang.AssertionError" message="The following asserts failed:
	expected [FORGOT YOUR PASSWORD?] but found [Forgot your password?]">
      <![CDATA[java.lang.AssertionError: The following asserts failed:
expected [FORGOT YOUR PASSWORD?] but found [Forgot your password?]
at com.nagarro.selenium.Ashwani_4141_SeleniumAssignment2.testcases.LoginPageTest.navigateToForgotPasswordPage(LoginPageTest.java:64)
at java.base/java.util.ArrayList.forEach(ArrayList.java:1511)
... Removed 29 stack frames]]>
    </failure>
  </testcase> <!-- navigateToForgotPasswordPage -->
  <testcase classname="com.nagarro.selenium.Ashwani_4141_SeleniumAssignment2.testcases.LoginPageTest" name="loginUsingInvalidEmailAndPassword" time="12.501"/>
  <testcase classname="com.nagarro.selenium.Ashwani_4141_SeleniumAssignment2.testcases.LoginPageTest" name="loginUsingInvalidEmailAndPassword" time="11.733">
    <failure type="java.lang.AssertionError" message="expected [Authentication failed.] but found [Invalid email address.]">
      <![CDATA[java.lang.AssertionError: expected [Authentication failed.] but found [Invalid email address.]
at com.nagarro.selenium.Ashwani_4141_SeleniumAssignment2.testcases.LoginPageTest.loginUsingInvalidEmailAndPassword(LoginPageTest.java:47)
at java.base/java.util.ArrayList.forEach(ArrayList.java:1511)
... Removed 33 stack frames]]>
    </failure>
  </testcase> <!-- loginUsingInvalidEmailAndPassword -->
  <testcase classname="com.nagarro.selenium.Ashwani_4141_SeleniumAssignment2.testcases.LoginPageTest" name="loginUsingValidEmailAndPassword" time="47.372">
    <failure type="org.openqa.selenium.NoSuchElementException" message="no such element: Unable to locate element: {&amp;quot;method&amp;quot;:&amp;quot;xpath&amp;quot;,&amp;quot;selector&amp;quot;:&amp;quot;//a[@class = &amp;apos;logout&amp;apos;]&amp;quot;}
  (Session info: chrome=85.0.4183.83)
  (Driver info: chromedriver=2.38.552522 (437e6fbedfa8762dec75e2c5b3ddb86763dc9dcb),platform=Windows NT 10.0.18363 x86_64) (WARNING: The server did not provide any stacktrace information)
Command duration or timeout: 0 milliseconds
For documentation on this error, please visit: https://www.seleniumhq.org/exceptions/no_such_element.html
Build info: version: &amp;apos;3.141.59&amp;apos;, revision: &amp;apos;e82be7d358&amp;apos;, time: &amp;apos;2018-11-14T08:17:03&amp;apos;
System info: host: &amp;apos;STOCK&amp;apos;, ip: &amp;apos;192.168.2.8&amp;apos;, os.name: &amp;apos;Windows 10&amp;apos;, os.arch: &amp;apos;amd64&amp;apos;, os.version: &amp;apos;10.0&amp;apos;, java.version: &amp;apos;14.0.2&amp;apos;
Driver info: org.openqa.selenium.chrome.ChromeDriver
Capabilities {acceptInsecureCerts: false, acceptSslCerts: false, applicationCacheEnabled: false, browserConnectionEnabled: false, browserName: chrome, chrome: {chromedriverVersion: 2.38.552522 (437e6fbedfa876..., userDataDir: C:\Users\Nagarro\AppData\Lo...}, cssSelectorsEnabled: true, databaseEnabled: false, handlesAlerts: true, hasTouchScreen: false, javascriptEnabled: true, locationContextEnabled: true, mobileEmulationEnabled: false, nativeEvents: true, networkConnectionEnabled: false, pageLoadStrategy: normal, platform: XP, platformName: XP, rotatable: false, setWindowRect: true, takesHeapSnapshot: true, takesScreenshot: true, unexpectedAlertBehaviour: , unhandledPromptBehavior: , version: 85.0.4183.83, webStorageEnabled: true}
Session ID: 90484456720cedebf5b615c02074c4a7
*** Element info: {Using=xpath, value=//a[@class = &amp;apos;logout&amp;apos;]}">
      <![CDATA[org.openqa.selenium.NoSuchElementException: no such element: Unable to locate element: {"method":"xpath","selector":"//a[@class = 'logout']"}
  (Session info: chrome=85.0.4183.83)
  (Driver info: chromedriver=2.38.552522 (437e6fbedfa8762dec75e2c5b3ddb86763dc9dcb),platform=Windows NT 10.0.18363 x86_64) (WARNING: The server did not provide any stacktrace information)
Command duration or timeout: 0 milliseconds
For documentation on this error, please visit: https://www.seleniumhq.org/exceptions/no_such_element.html
Build info: version: '3.141.59', revision: 'e82be7d358', time: '2018-11-14T08:17:03'
System info: host: 'STOCK', ip: '192.168.2.8', os.name: 'Windows 10', os.arch: 'amd64', os.version: '10.0', java.version: '14.0.2'
Driver info: org.openqa.selenium.chrome.ChromeDriver
Capabilities {acceptInsecureCerts: false, acceptSslCerts: false, applicationCacheEnabled: false, browserConnectionEnabled: false, browserName: chrome, chrome: {chromedriverVersion: 2.38.552522 (437e6fbedfa876..., userDataDir: C:\Users\Nagarro\AppData\Lo...}, cssSelectorsEnabled: true, databaseEnabled: false, handlesAlerts: true, hasTouchScreen: false, javascriptEnabled: true, locationContextEnabled: true, mobileEmulationEnabled: false, nativeEvents: true, networkConnectionEnabled: false, pageLoadStrategy: normal, platform: XP, platformName: XP, rotatable: false, setWindowRect: true, takesHeapSnapshot: true, takesScreenshot: true, unexpectedAlertBehaviour: , unhandledPromptBehavior: , version: 85.0.4183.83, webStorageEnabled: true}
Session ID: 90484456720cedebf5b615c02074c4a7
*** Element info: {Using=xpath, value=//a[@class = 'logout']}
at org.openqa.selenium.remote.ErrorHandler.createThrowable(ErrorHandler.java:214)
at org.openqa.selenium.remote.ErrorHandler.throwIfResponseFailed(ErrorHandler.java:166)
at org.openqa.selenium.remote.http.JsonHttpResponseCodec.reconstructValue(JsonHttpResponseCodec.java:40)
at org.openqa.selenium.remote.http.AbstractHttpResponseCodec.decode(AbstractHttpResponseCodec.java:80)
at org.openqa.selenium.remote.http.AbstractHttpResponseCodec.decode(AbstractHttpResponseCodec.java:44)
at org.openqa.selenium.remote.HttpCommandExecutor.execute(HttpCommandExecutor.java:158)
at org.openqa.selenium.remote.service.DriverCommandExecutor.execute(DriverCommandExecutor.java:83)
at org.openqa.selenium.remote.RemoteWebDriver.execute(RemoteWebDriver.java:552)
at org.openqa.selenium.remote.RemoteWebDriver.findElement(RemoteWebDriver.java:323)
at org.openqa.selenium.remote.RemoteWebDriver.findElementByXPath(RemoteWebDriver.java:428)
at org.openqa.selenium.By$ByXPath.findElement(By.java:353)
at org.openqa.selenium.remote.RemoteWebDriver.findElement(RemoteWebDriver.java:315)
at org.openqa.selenium.support.pagefactory.DefaultElementLocator.findElement(DefaultElementLocator.java:69)
at org.openqa.selenium.support.pagefactory.internal.LocatingElementHandler.invoke(LocatingElementHandler.java:38)
at com.sun.proxy.$Proxy16.getText(Unknown Source)
at com.nagarro.selenium.Ashwani_4141_SeleniumAssignment2.pages.HomePage.getSignOutLinkText(HomePage.java:33)
at com.nagarro.selenium.Ashwani_4141_SeleniumAssignment2.testcases.LoginPageTest.loginUsingValidEmailAndPassword(LoginPageTest.java:34)
at java.base/java.util.ArrayList.forEach(ArrayList.java:1511)
... Removed 32 stack frames]]>
    </failure>
  </testcase> <!-- loginUsingValidEmailAndPassword -->
</testsuite> <!-- Test -->
