<!DOCTYPE html PUBLIC "-//W3C//DTD XHTML 1.1//EN" "https://www.w3.org/TR/xhtml11/DTD/xhtml11.dtd">
<html xmlns="https://www.w3.org/1999/xhtml">
<head>
<meta http-equiv="content-type" content="text/html; charset=UTF-8"/>
<title>TestNG Report</title>
<style type="text/css">table {margin-bottom:10px;border-collapse:collapse;empty-cells:show}th,td {border:1px solid #009;padding:.25em .5em}th {vertical-align:bottom}td {vertical-align:top}table a {font-weight:bold}.stripe td {background-color: #E6EBF9}.num {text-align:right}.passedodd td {background-color: #3F3}.passedeven td {background-color: #0A0}.skippedodd td {background-color: #DDD}.skippedeven td {background-color: #CCC}.failedodd td,.attn {background-color: #F33}.failedeven td,.stripe .attn {background-color: #D00}.stacktrace {white-space:pre;font-family:monospace}.totop {font-size:85%;text-align:center;border-bottom:2px solid #000}.invisible {display:none}</style>
</head>
<body>
<table>
<tr><th>Test</th><th># Passed</th><th># Skipped</th><th># Retried</th><th># Failed</th><th>Time (ms)</th><th>Included Groups</th><th>Excluded Groups</th></tr>
<tr><th colspan="8">Suite</th></tr>
<tr><td><a href="#t0">Test</a></td><td class="num">2</td><td class="num">0</td><td class="num">0</td><td class="num attn">4</td><td class="num">308,430</td><td></td><td></td></tr>
</table>
<table id='summary'><thead><tr><th>Class</th><th>Method</th><th>Start</th><th>Time (ms)</th></tr></thead><tbody><tr><th colspan="4">Suite</th></tr></tbody><tbody id="t0"><tr><th colspan="4">Test &#8212; failed</th></tr><tr class="failedeven"><td rowspan="3">com.nagarro.selenium.Ashwani_4141_SeleniumAssignment2.testcases.LoginPageTest</td><td><a href="#m0">loginUsingInvalidEmailAndPassword</a></td><td rowspan="1">1598972641473</td><td rowspan="1">11733</td></tr><tr class="failedeven"><td><a href="#m1">loginUsingValidEmailAndPassword</a></td><td rowspan="1">1598972666944</td><td rowspan="1">47372</td></tr><tr class="failedeven"><td><a href="#m2">navigateToForgotPasswordPage</a></td><td rowspan="1">1598972598277</td><td rowspan="1">12829</td></tr><tr class="failedodd"><td rowspan="1">com.nagarro.selenium.Ashwani_4141_SeleniumAssignment2.testcases.SearchPageTest</td><td><a href="#m3">searchADress</a></td><td rowspan="1">1598972463000</td><td rowspan="1">11698</td></tr><tr><th colspan="4">Test &#8212; passed</th></tr><tr class="passedeven"><td rowspan="1">com.nagarro.selenium.Ashwani_4141_SeleniumAssignment2.testcases.LoginPageTest</td><td><a href="#m4">loginUsingInvalidEmailAndPassword</a></td><td rowspan="1">1598972617143</td><td rowspan="1">12501</td></tr><tr class="passedodd"><td rowspan="1">com.nagarro.selenium.Ashwani_4141_SeleniumAssignment2.testcases.SearchPageTest</td><td><a href="#m5">validateProductPrize</a></td><td rowspan="1">1598972486507</td><td rowspan="1">54246</td></tr></tbody>
</table>
<h2>Test</h2><h3 id="m0">com.nagarro.selenium.Ashwani_4141_SeleniumAssignment2.testcases.LoginPageTest#loginUsingInvalidEmailAndPassword</h3><table class="result"><tr class="param"><th>Parameter #1</th><th>Parameter #2</th></tr><tr class="param stripe"><td>username</td><td>password</td></tr><tr><th colspan="2">Exception</th></tr><tr><td colspan="2"><div class="stacktrace">java.lang.AssertionError: expected [Authentication failed.] but found [Invalid email address.]
	at com.nagarro.selenium.Ashwani_4141_SeleniumAssignment2.testcases.LoginPageTest.loginUsingInvalidEmailAndPassword(LoginPageTest.java:47)
	at java.base/java.util.ArrayList.forEach(ArrayList.java:1511)
... Removed 33 stack frames</div></td></tr></table><p class="totop"><a href="#summary">back to summary</a></p>
<h3 id="m1">com.nagarro.selenium.Ashwani_4141_SeleniumAssignment2.testcases.LoginPageTest#loginUsingValidEmailAndPassword</h3><table class="result"><tr class="param"><th>Parameter #1</th><th>Parameter #2</th></tr><tr class="param stripe"><td>sharma.ashwani001@gmail.com</td><td>WhatP@ssw0rd</td></tr><tr><th colspan="2">Exception</th></tr><tr><td colspan="2"><div class="stacktrace">org.openqa.selenium.NoSuchElementException: no such element: Unable to locate element: {&quot;method&quot;:&quot;xpath&quot;,&quot;selector&quot;:&quot;//a[@class = &apos;logout&apos;]&quot;}
  (Session info: chrome=85.0.4183.83)
  (Driver info: chromedriver=2.38.552522 (437e6fbedfa8762dec75e2c5b3ddb86763dc9dcb),platform=Windows NT 10.0.18363 x86_64) (WARNING: The server did not provide any stacktrace information)
Command duration or timeout: 0 milliseconds
For documentation on this error, please visit: https://www.seleniumhq.org/exceptions/no_such_element.html
Build info: version: &apos;3.141.59&apos;, revision: &apos;e82be7d358&apos;, time: &apos;2018-11-14T08:17:03&apos;
System info: host: &apos;STOCK&apos;, ip: &apos;192.168.2.8&apos;, os.name: &apos;Windows 10&apos;, os.arch: &apos;amd64&apos;, os.version: &apos;10.0&apos;, java.version: &apos;14.0.2&apos;
Driver info: org.openqa.selenium.chrome.ChromeDriver
Capabilities {acceptInsecureCerts: false, acceptSslCerts: false, applicationCacheEnabled: false, browserConnectionEnabled: false, browserName: chrome, chrome: {chromedriverVersion: 2.38.552522 (437e6fbedfa876..., userDataDir: C:\Users\Nagarro\AppData\Lo...}, cssSelectorsEnabled: true, databaseEnabled: false, handlesAlerts: true, hasTouchScreen: false, javascriptEnabled: true, locationContextEnabled: true, mobileEmulationEnabled: false, nativeEvents: true, networkConnectionEnabled: false, pageLoadStrategy: normal, platform: XP, platformName: XP, rotatable: false, setWindowRect: true, takesHeapSnapshot: true, takesScreenshot: true, unexpectedAlertBehaviour: , unhandledPromptBehavior: , version: 85.0.4183.83, webStorageEnabled: true}
Session ID: 90484456720cedebf5b615c02074c4a7
*** Element info: {Using=xpath, value=//a[@class = &apos;logout&apos;]}
	at org.openqa.selenium.remote.ErrorHandler.createThrowable(ErrorHandler.java:214)
	at org.openqa.selenium.remote.ErrorHandler.throwIfResponseFailed(ErrorHandler.java:166)
	at org.openqa.selenium.remote.http.JsonHttpResponseCodec.reconstructValue(JsonHttpResponseCodec.java:40)
	at org.openqa.selenium.remote.http.AbstractHttpResponseCodec.decode(AbstractHttpResponseCodec.java:80)
	at org.openqa.selenium.remote.http.AbstractHttpResponseCodec.decode(AbstractHttpResponseCodec.java:44)
	at org.openqa.selenium.remote.HttpCommandExecutor.execute(HttpCommandExecutor.java:158)
	at org.openqa.selenium.remote.service.DriverCommandExecutor.execute(DriverCommandExecutor.java:83)
	at org.openqa.selenium.remote.RemoteWebDriver.execute(RemoteWebDriver.java:552)
	at org.openqa.selenium.remote.RemoteWebDriver.findElement(RemoteWebDriver.java:323)
	at org.openqa.selenium.remote.RemoteWebDriver.findElementByXPath(RemoteWebDriver.java:428)
	at org.openqa.selenium.By$ByXPath.findElement(By.java:353)
	at org.openqa.selenium.remote.RemoteWebDriver.findElement(RemoteWebDriver.java:315)
	at org.openqa.selenium.support.pagefactory.DefaultElementLocator.findElement(DefaultElementLocator.java:69)
	at org.openqa.selenium.support.pagefactory.internal.LocatingElementHandler.invoke(LocatingElementHandler.java:38)
	at com.sun.proxy.$Proxy16.getText(Unknown Source)
	at com.nagarro.selenium.Ashwani_4141_SeleniumAssignment2.pages.HomePage.getSignOutLinkText(HomePage.java:33)
	at com.nagarro.selenium.Ashwani_4141_SeleniumAssignment2.testcases.LoginPageTest.loginUsingValidEmailAndPassword(LoginPageTest.java:34)
	at java.base/java.util.ArrayList.forEach(ArrayList.java:1511)
... Removed 32 stack frames</div></td></tr></table><p class="totop"><a href="#summary">back to summary</a></p>
<h3 id="m2">com.nagarro.selenium.Ashwani_4141_SeleniumAssignment2.testcases.LoginPageTest#navigateToForgotPasswordPage</h3><table class="result"><tr><th>Exception</th></tr><tr><td><div class="stacktrace">java.lang.AssertionError: The following asserts failed:
	expected [FORGOT YOUR PASSWORD?] but found [Forgot your password?]
	at com.nagarro.selenium.Ashwani_4141_SeleniumAssignment2.testcases.LoginPageTest.navigateToForgotPasswordPage(LoginPageTest.java:64)
	at java.base/java.util.ArrayList.forEach(ArrayList.java:1511)
... Removed 29 stack frames</div></td></tr></table><p class="totop"><a href="#summary">back to summary</a></p>
<h3 id="m3">com.nagarro.selenium.Ashwani_4141_SeleniumAssignment2.testcases.SearchPageTest#searchADress</h3><table class="result"><tr class="param"><th>Parameter #1</th></tr><tr class="param stripe"><td>Printed Summer Dress</td></tr><tr><th>Exception</th></tr><tr><td><div class="stacktrace">java.lang.AssertionError: The following asserts failed:
	expected [Printed Summer Dress] but found [Printed Chiffon Dress]
	at com.nagarro.selenium.Ashwani_4141_SeleniumAssignment2.testcases.SearchPageTest.searchADress(SearchPageTest.java:33)
	at java.base/java.util.ArrayList.forEach(ArrayList.java:1511)
... Removed 29 stack frames</div></td></tr></table><p class="totop"><a href="#summary">back to summary</a></p>
<h3 id="m4">com.nagarro.selenium.Ashwani_4141_SeleniumAssignment2.testcases.LoginPageTest#loginUsingInvalidEmailAndPassword</h3><table class="result"><tr class="param"><th>Parameter #1</th><th>Parameter #2</th></tr><tr class="param stripe"><td>test@mail.com</td><td>password001</td></tr></table><p class="totop"><a href="#summary">back to summary</a></p>
<h3 id="m5">com.nagarro.selenium.Ashwani_4141_SeleniumAssignment2.testcases.SearchPageTest#validateProductPrize</h3><table class="result"><tr class="param"><th>Parameter #1</th></tr><tr class="param stripe"><td>Faded Short Sleeve T-shirts</td></tr></table><p class="totop"><a href="#summary">back to summary</a></p>
</body>
</html>
