<!DOCTYPE html>

<html>
  <head>
  <meta charset='utf-8'>
  <title>TestNG reports</title>

    <link type="text/css" href="testng-reports1.css" rel="stylesheet" id="ultra" />
    <link type="text/css" href="testng-reports.css" rel="stylesheet" id="retro" disabled="false"/>
    <script type="text/javascript" src="jquery-3.4.1.min.js"></script>
    <script type="text/javascript" src="testng-reports.js"></script>
    <script type="text/javascript" src="https://www.google.com/jsapi"></script>
    <script type='text/javascript'>
      google.load('visualization', '1', {packages:['table']});
      google.setOnLoadCallback(drawTable);
      var suiteTableInitFunctions = new Array();
      var suiteTableData = new Array();
    </script>
    <!--
      <script type="text/javascript" src="jquery-ui/js/jquery-ui-1.8.16.custom.min.js"></script>
     -->
  </head>

  <body>
    <div class="top-banner-root">
      <span class="top-banner-title-font">Test results</span>
      <button id="button" class="button">Switch Retro Theme</button> <!-- button -->
      <br/>
      <span class="top-banner-font-1">1 suite, 4 failed tests</span>
    </div> <!-- top-banner-root -->
    <div class="navigator-root">
      <div class="navigator-suite-header">
        <span>All suites</span>
        <a href="#" title="Collapse/expand all the suites" class="collapse-all-link">
          <img src="collapseall.gif" class="collapse-all-icon">
          </img> <!-- collapse-all-icon -->
        </a> <!-- collapse-all-link -->
      </div> <!-- navigator-suite-header -->
      <div class="suite">
        <div class="rounded-window">
          <div class="suite-header light-rounded-window-top">
            <a href="#" panel-name="suite-Suite" class="navigator-link">
              <span class="suite-name border-failed">Suite</span>
            </a> <!-- navigator-link -->
          </div> <!-- suite-header light-rounded-window-top -->
          <div class="navigator-suite-content">
            <div class="suite-section-title">
              <span>Info</span>
            </div> <!-- suite-section-title -->
            <div class="suite-section-content">
              <ul>
                <li>
                  <a href="#" panel-name="test-xml-Suite" class="navigator-link ">
                    <span>C:\Users\Nagarro\Desktop\NAGP\Ashwani_4141_SeleniumFinalAssignment_2.0\Ashwani_4141_SeleniumAssignment2\testng.xml</span>
                  </a> <!-- navigator-link  -->
                </li>
                <li>
                  <a href="#" panel-name="testlist-Suite" class="navigator-link ">
                    <span class="test-stats">1 test</span>
                  </a> <!-- navigator-link  -->
                </li>
                <li>
                  <a href="#" panel-name="group-Suite" class="navigator-link ">
                    <span>0 groups</span>
                  </a> <!-- navigator-link  -->
                </li>
                <li>
                  <a href="#" panel-name="times-Suite" class="navigator-link ">
                    <span>Times</span>
                  </a> <!-- navigator-link  -->
                </li>
                <li>
                  <a href="#" panel-name="reporter-Suite" class="navigator-link ">
                    <span>Reporter output</span>
                  </a> <!-- navigator-link  -->
                </li>
                <li>
                  <a href="#" panel-name="ignored-methods-Suite" class="navigator-link ">
                    <span>Ignored methods</span>
                  </a> <!-- navigator-link  -->
                </li>
                <li>
                  <a href="#" panel-name="chronological-Suite" class="navigator-link ">
                    <span>Chronological view</span>
                  </a> <!-- navigator-link  -->
                </li>
              </ul>
            </div> <!-- suite-section-content -->
            <div class="result-section">
              <div class="suite-section-title">
                <span>Results</span>
              </div> <!-- suite-section-title -->
              <div class="suite-section-content">
                <ul>
                  <li>
                    <span class="method-stats">6 methods, 4 failed,   2 passed</span>
                  </li>
                  <li>
                    <span class="method-list-title failed">Failed methods</span>
                    <span class="show-or-hide-methods failed">
                      <a href="#" panel-name="suite-Suite" class="hide-methods failed suite-Suite"> (hide)</a> <!-- hide-methods failed suite-Suite -->
                      <a href="#" panel-name="suite-Suite" class="show-methods failed suite-Suite"> (show)</a> <!-- show-methods failed suite-Suite -->
                    </span>
                    <div class="method-list-content failed suite-Suite">
                      <span>
                        <img src="failed.png" width="3%"/>
                        <a href="#" panel-name="suite-Suite" title="com.nagarro.selenium.Ashwani_4141_SeleniumAssignment2.testcases.LoginPageTest" class="method navigator-link" hash-for-method="loginUsingInvalidEmailAndPassword(username, password)">loginUsingInvalidEmailAndPassword(username, password)</a> <!-- method navigator-link -->
                      </span>
                      <br/>
                      <span>
                        <img src="failed.png" width="3%"/>
                        <a href="#" panel-name="suite-Suite" title="com.nagarro.selenium.Ashwani_4141_SeleniumAssignment2.testcases.LoginPageTest" class="method navigator-link" hash-for-method="loginUsingValidEmailAndPassword(sharma.ashwani001@gmail.com, WhatP@ssw0rd)">loginUsingValidEmailAndPassword(sharma.ashwani001@gmail.com, WhatP@ssw0rd)</a> <!-- method navigator-link -->
                      </span>
                      <br/>
                      <span>
                        <img src="failed.png" width="3%"/>
                        <a href="#" panel-name="suite-Suite" title="com.nagarro.selenium.Ashwani_4141_SeleniumAssignment2.testcases.LoginPageTest" class="method navigator-link" hash-for-method="navigateToForgotPasswordPage">navigateToForgotPasswordPage</a> <!-- method navigator-link -->
                      </span>
                      <br/>
                      <span>
                        <img src="failed.png" width="3%"/>
                        <a href="#" panel-name="suite-Suite" title="com.nagarro.selenium.Ashwani_4141_SeleniumAssignment2.testcases.SearchPageTest" class="method navigator-link" hash-for-method="searchADress(Printed Summer Dress)">searchADress(Printed Summer Dress)</a> <!-- method navigator-link -->
                      </span>
                      <br/>
                    </div> <!-- method-list-content failed suite-Suite -->
                  </li>
                  <li>
                    <span class="method-list-title passed">Passed methods</span>
                    <span class="show-or-hide-methods passed">
                      <a href="#" panel-name="suite-Suite" class="hide-methods passed suite-Suite"> (hide)</a> <!-- hide-methods passed suite-Suite -->
                      <a href="#" panel-name="suite-Suite" class="show-methods passed suite-Suite"> (show)</a> <!-- show-methods passed suite-Suite -->
                    </span>
                    <div class="method-list-content passed suite-Suite">
                      <span>
                        <img src="passed.png" width="3%"/>
                        <a href="#" panel-name="suite-Suite" title="com.nagarro.selenium.Ashwani_4141_SeleniumAssignment2.testcases.LoginPageTest" class="method navigator-link" hash-for-method="loginUsingInvalidEmailAndPassword(test@mail.com, password001)">loginUsingInvalidEmailAndPassword(test@mail.com, password001)</a> <!-- method navigator-link -->
                      </span>
                      <br/>
                      <span>
                        <img src="passed.png" width="3%"/>
                        <a href="#" panel-name="suite-Suite" title="com.nagarro.selenium.Ashwani_4141_SeleniumAssignment2.testcases.SearchPageTest" class="method navigator-link" hash-for-method="validateProductPrize(Faded Short Sleeve T-shirts)">validateProductPrize(Faded Short Sleeve T-shirts)</a> <!-- method navigator-link -->
                      </span>
                      <br/>
                    </div> <!-- method-list-content passed suite-Suite -->
                  </li>
                </ul>
              </div> <!-- suite-section-content -->
            </div> <!-- result-section -->
          </div> <!-- navigator-suite-content -->
        </div> <!-- rounded-window -->
      </div> <!-- suite -->
    </div> <!-- navigator-root -->
    <div class="wrapper">
      <div class="main-panel-root">
        <div panel-name="suite-Suite" class="panel Suite">
          <div class="suite-Suite-class-failed">
            <div class="main-panel-header rounded-window-top">
              <img src="failed.png"/>
              <span class="class-name">com.nagarro.selenium.Ashwani_4141_SeleniumAssignment2.testcases.SearchPageTest</span>
            </div> <!-- main-panel-header rounded-window-top -->
            <div class="main-panel-content rounded-window-bottom">
              <div class="method">
                <div class="method-content">
                  <a name="searchADress(Printed Summer Dress)">
                  </a> <!-- searchADress(Printed Summer Dress) -->
                  <span class="method-name">searchADress</span>
                  <span class="parameters">(Printed Summer Dress)</span>
                  <div class="stack-trace">java.lang.AssertionError: The following asserts failed:
	expected [Printed Summer Dress] but found [Printed Chiffon Dress]
	at com.nagarro.selenium.Ashwani_4141_SeleniumAssignment2.testcases.SearchPageTest.searchADress(SearchPageTest.java:33)
	at java.base/java.util.ArrayList.forEach(ArrayList.java:1511)
... Removed 29 stack frames
</div> <!-- stack-trace -->
                </div> <!-- method-content -->
              </div> <!-- method -->
            </div> <!-- main-panel-content rounded-window-bottom -->
          </div> <!-- suite-Suite-class-failed -->
          <div class="suite-Suite-class-failed">
            <div class="main-panel-header rounded-window-top">
              <img src="failed.png"/>
              <span class="class-name">com.nagarro.selenium.Ashwani_4141_SeleniumAssignment2.testcases.LoginPageTest</span>
            </div> <!-- main-panel-header rounded-window-top -->
            <div class="main-panel-content rounded-window-bottom">
              <div class="method">
                <div class="method-content">
                  <a name="loginUsingInvalidEmailAndPassword(username, password)">
                  </a> <!-- loginUsingInvalidEmailAndPassword(username, password) -->
                  <span class="method-name">loginUsingInvalidEmailAndPassword</span>
                  <span class="parameters">(username, password)</span>
                  <div class="stack-trace">java.lang.AssertionError: expected [Authentication failed.] but found [Invalid email address.]
	at com.nagarro.selenium.Ashwani_4141_SeleniumAssignment2.testcases.LoginPageTest.loginUsingInvalidEmailAndPassword(LoginPageTest.java:47)
	at java.base/java.util.ArrayList.forEach(ArrayList.java:1511)
... Removed 33 stack frames
</div> <!-- stack-trace -->
                </div> <!-- method-content -->
              </div> <!-- method -->
              <div class="method">
                <div class="method-content">
                  <a name="loginUsingValidEmailAndPassword(sharma.ashwani001@gmail.com, WhatP@ssw0rd)">
                  </a> <!-- loginUsingValidEmailAndPassword(sharma.ashwani001@gmail.com, WhatP@ssw0rd) -->
                  <span class="method-name">loginUsingValidEmailAndPassword</span>
                  <span class="parameters">(sharma.ashwani001@gmail.com, WhatP@ssw0rd)</span>
                  <div class="stack-trace">org.openqa.selenium.NoSuchElementException: no such element: Unable to locate element: {&quot;method&quot;:&quot;xpath&quot;,&quot;selector&quot;:&quot;//a[@class = &apos;logout&apos;]&quot;}
  (Session info: chrome=85.0.4183.83)
  (Driver info: chromedriver=2.38.552522 (437e6fbedfa8762dec75e2c5b3ddb86763dc9dcb),platform=Windows NT 10.0.18363 x86_64) (WARNING: The server did not provide any stacktrace information)
Command duration or timeout: 0 milliseconds
For documentation on this error, please visit: https://www.seleniumhq.org/exceptions/no_such_element.html
Build info: version: &apos;3.141.59&apos;, revision: &apos;e82be7d358&apos;, time: &apos;2018-11-14T08:17:03&apos;
System info: host: &apos;STOCK&apos;, ip: &apos;192.168.2.8&apos;, os.name: &apos;Windows 10&apos;, os.arch: &apos;amd64&apos;, os.version: &apos;10.0&apos;, java.version: &apos;14.0.2&apos;
Driver info: org.openqa.selenium.chrome.ChromeDriver
Capabilities {acceptInsecureCerts: false, acceptSslCerts: false, applicationCacheEnabled: false, browserConnectionEnabled: false, browserName: chrome, chrome: {chromedriverVersion: 2.38.552522 (437e6fbedfa876..., userDataDir: C:\Users\Nagarro\AppData\Lo...}, cssSelectorsEnabled: true, databaseEnabled: false, handlesAlerts: true, hasTouchScreen: false, javascriptEnabled: true, locationContextEnabled: true, mobileEmulationEnabled: false, nativeEvents: true, networkConnectionEnabled: false, pageLoadStrategy: normal, platform: XP, platformName: XP, rotatable: false, setWindowRect: true, takesHeapSnapshot: true, takesScreenshot: true, unexpectedAlertBehaviour: , unhandledPromptBehavior: , version: 85.0.4183.83, webStorageEnabled: true}
Session ID: 90484456720cedebf5b615c02074c4a7
*** Element info: {Using=xpath, value=//a[@class = &apos;logout&apos;]}
	at org.openqa.selenium.remote.ErrorHandler.createThrowable(ErrorHandler.java:214)
	at org.openqa.selenium.remote.ErrorHandler.throwIfResponseFailed(ErrorHandler.java:166)
	at org.openqa.selenium.remote.http.JsonHttpResponseCodec.reconstructValue(JsonHttpResponseCodec.java:40)
	at org.openqa.selenium.remote.http.AbstractHttpResponseCodec.decode(AbstractHttpResponseCodec.java:80)
	at org.openqa.selenium.remote.http.AbstractHttpResponseCodec.decode(AbstractHttpResponseCodec.java:44)
	at org.openqa.selenium.remote.HttpCommandExecutor.execute(HttpCommandExecutor.java:158)
	at org.openqa.selenium.remote.service.DriverCommandExecutor.execute(DriverCommandExecutor.java:83)
	at org.openqa.selenium.remote.RemoteWebDriver.execute(RemoteWebDriver.java:552)
	at org.openqa.selenium.remote.RemoteWebDriver.findElement(RemoteWebDriver.java:323)
	at org.openqa.selenium.remote.RemoteWebDriver.findElementByXPath(RemoteWebDriver.java:428)
	at org.openqa.selenium.By$ByXPath.findElement(By.java:353)
	at org.openqa.selenium.remote.RemoteWebDriver.findElement(RemoteWebDriver.java:315)
	at org.openqa.selenium.support.pagefactory.DefaultElementLocator.findElement(DefaultElementLocator.java:69)
	at org.openqa.selenium.support.pagefactory.internal.LocatingElementHandler.invoke(LocatingElementHandler.java:38)
	at com.sun.proxy.$Proxy16.getText(Unknown Source)
	at com.nagarro.selenium.Ashwani_4141_SeleniumAssignment2.pages.HomePage.getSignOutLinkText(HomePage.java:33)
	at com.nagarro.selenium.Ashwani_4141_SeleniumAssignment2.testcases.LoginPageTest.loginUsingValidEmailAndPassword(LoginPageTest.java:34)
	at java.base/java.util.ArrayList.forEach(ArrayList.java:1511)
... Removed 32 stack frames
</div> <!-- stack-trace -->
                </div> <!-- method-content -->
              </div> <!-- method -->
              <div class="method">
                <div class="method-content">
                  <a name="navigateToForgotPasswordPage">
                  </a> <!-- navigateToForgotPasswordPage -->
                  <span class="method-name">navigateToForgotPasswordPage</span>
                  <div class="stack-trace">java.lang.AssertionError: The following asserts failed:
	expected [FORGOT YOUR PASSWORD?] but found [Forgot your password?]
	at com.nagarro.selenium.Ashwani_4141_SeleniumAssignment2.testcases.LoginPageTest.navigateToForgotPasswordPage(LoginPageTest.java:64)
	at java.base/java.util.ArrayList.forEach(ArrayList.java:1511)
... Removed 29 stack frames
</div> <!-- stack-trace -->
                </div> <!-- method-content -->
              </div> <!-- method -->
            </div> <!-- main-panel-content rounded-window-bottom -->
          </div> <!-- suite-Suite-class-failed -->
          <div class="suite-Suite-class-passed">
            <div class="main-panel-header rounded-window-top">
              <img src="passed.png"/>
              <span class="class-name">com.nagarro.selenium.Ashwani_4141_SeleniumAssignment2.testcases.SearchPageTest</span>
            </div> <!-- main-panel-header rounded-window-top -->
            <div class="main-panel-content rounded-window-bottom">
              <div class="method">
                <div class="method-content">
                  <a name="validateProductPrize(Faded Short Sleeve T-shirts)">
                  </a> <!-- validateProductPrize(Faded Short Sleeve T-shirts) -->
                  <span class="method-name">validateProductPrize</span>
                  <span class="parameters">(Faded Short Sleeve T-shirts)</span>
                </div> <!-- method-content -->
              </div> <!-- method -->
            </div> <!-- main-panel-content rounded-window-bottom -->
          </div> <!-- suite-Suite-class-passed -->
          <div class="suite-Suite-class-passed">
            <div class="main-panel-header rounded-window-top">
              <img src="passed.png"/>
              <span class="class-name">com.nagarro.selenium.Ashwani_4141_SeleniumAssignment2.testcases.LoginPageTest</span>
            </div> <!-- main-panel-header rounded-window-top -->
            <div class="main-panel-content rounded-window-bottom">
              <div class="method">
                <div class="method-content">
                  <a name="loginUsingInvalidEmailAndPassword(test@mail.com, password001)">
                  </a> <!-- loginUsingInvalidEmailAndPassword(test@mail.com, password001) -->
                  <span class="method-name">loginUsingInvalidEmailAndPassword</span>
                  <span class="parameters">(test@mail.com, password001)</span>
                </div> <!-- method-content -->
              </div> <!-- method -->
            </div> <!-- main-panel-content rounded-window-bottom -->
          </div> <!-- suite-Suite-class-passed -->
        </div> <!-- panel Suite -->
        <div panel-name="test-xml-Suite" class="panel">
          <div class="main-panel-header rounded-window-top">
            <span class="header-content">C:\Users\Nagarro\Desktop\NAGP\Ashwani_4141_SeleniumFinalAssignment_2.0\Ashwani_4141_SeleniumAssignment2\testng.xml</span>
          </div> <!-- main-panel-header rounded-window-top -->
          <div class="main-panel-content rounded-window-bottom">
            <pre>
&lt;?xml version=&quot;1.0&quot; encoding=&quot;UTF-8&quot;?&gt;
&lt;!DOCTYPE suite SYSTEM &quot;https://testng.org/testng-1.0.dtd&quot;&gt;
&lt;suite name=&quot;Suite&quot; guice-stage=&quot;DEVELOPMENT&quot;&gt;
  &lt;listeners&gt;
    &lt;listener class-name=&quot;com.nagarro.selenium.Ashwani_4141_SeleniumAssignment2.utilities.TestNGListeners&quot;/&gt;
  &lt;/listeners&gt;
  &lt;test thread-count=&quot;5&quot; name=&quot;Test&quot;&gt;
    &lt;classes&gt;
      &lt;class name=&quot;com.nagarro.selenium.Ashwani_4141_SeleniumAssignment2.testcases.SearchPageTest&quot;/&gt;
      &lt;class name=&quot;com.nagarro.selenium.Ashwani_4141_SeleniumAssignment2.testcases.LoginPageTest&quot;/&gt;
    &lt;/classes&gt;
  &lt;/test&gt; &lt;!-- Test --&gt;
&lt;/suite&gt; &lt;!-- Suite --&gt;
            </pre>
          </div> <!-- main-panel-content rounded-window-bottom -->
        </div> <!-- panel -->
        <div panel-name="testlist-Suite" class="panel">
          <div class="main-panel-header rounded-window-top">
            <span class="header-content">Tests for Suite</span>
          </div> <!-- main-panel-header rounded-window-top -->
          <div class="main-panel-content rounded-window-bottom">
            <ul>
              <li>
                <span class="test-name">Test (2 classes)</span>
              </li>
            </ul>
          </div> <!-- main-panel-content rounded-window-bottom -->
        </div> <!-- panel -->
        <div panel-name="group-Suite" class="panel">
          <div class="main-panel-header rounded-window-top">
            <span class="header-content">Groups for Suite</span>
          </div> <!-- main-panel-header rounded-window-top -->
          <div class="main-panel-content rounded-window-bottom">
          </div> <!-- main-panel-content rounded-window-bottom -->
        </div> <!-- panel -->
        <div panel-name="times-Suite" class="panel">
          <div class="main-panel-header rounded-window-top">
            <span class="header-content">Times for Suite</span>
          </div> <!-- main-panel-header rounded-window-top -->
          <div class="main-panel-content rounded-window-bottom">
            <div class="times-div">
              <script type="text/javascript">
suiteTableInitFunctions.push('tableData_Suite');
function tableData_Suite() {
var data = new google.visualization.DataTable();
data.addColumn('number', 'Number');
data.addColumn('string', 'Method');
data.addColumn('string', 'Class');
data.addColumn('number', 'Time (ms)');
data.addRows(6);
data.setCell(0, 0, 0)
data.setCell(0, 1, 'validateProductPrize')
data.setCell(0, 2, 'com.nagarro.selenium.Ashwani_4141_SeleniumAssignment2.testcases.SearchPageTest')
data.setCell(0, 3, 54246);
data.setCell(1, 0, 1)
data.setCell(1, 1, 'loginUsingValidEmailAndPassword')
data.setCell(1, 2, 'com.nagarro.selenium.Ashwani_4141_SeleniumAssignment2.testcases.LoginPageTest')
data.setCell(1, 3, 47372);
data.setCell(2, 0, 2)
data.setCell(2, 1, 'navigateToForgotPasswordPage')
data.setCell(2, 2, 'com.nagarro.selenium.Ashwani_4141_SeleniumAssignment2.testcases.LoginPageTest')
data.setCell(2, 3, 12829);
data.setCell(3, 0, 3)
data.setCell(3, 1, 'loginUsingInvalidEmailAndPassword')
data.setCell(3, 2, 'com.nagarro.selenium.Ashwani_4141_SeleniumAssignment2.testcases.LoginPageTest')
data.setCell(3, 3, 12501);
data.setCell(4, 0, 4)
data.setCell(4, 1, 'loginUsingInvalidEmailAndPassword')
data.setCell(4, 2, 'com.nagarro.selenium.Ashwani_4141_SeleniumAssignment2.testcases.LoginPageTest')
data.setCell(4, 3, 11733);
data.setCell(5, 0, 5)
data.setCell(5, 1, 'searchADress')
data.setCell(5, 2, 'com.nagarro.selenium.Ashwani_4141_SeleniumAssignment2.testcases.SearchPageTest')
data.setCell(5, 3, 11698);
window.suiteTableData['Suite']= { tableData: data, tableDiv: 'times-div-Suite'}
return data;
}
              </script>
              <span class="suite-total-time">Total running time: 2 minutes</span>
              <div id="times-div-Suite">
              </div> <!-- times-div-Suite -->
            </div> <!-- times-div -->
          </div> <!-- main-panel-content rounded-window-bottom -->
        </div> <!-- panel -->
        <div panel-name="reporter-Suite" class="panel">
          <div class="main-panel-header rounded-window-top">
            <span class="header-content">Reporter output for Suite</span>
          </div> <!-- main-panel-header rounded-window-top -->
          <div class="main-panel-content rounded-window-bottom">
          </div> <!-- main-panel-content rounded-window-bottom -->
        </div> <!-- panel -->
        <div panel-name="ignored-methods-Suite" class="panel">
          <div class="main-panel-header rounded-window-top">
            <span class="header-content">0 ignored methods</span>
          </div> <!-- main-panel-header rounded-window-top -->
          <div class="main-panel-content rounded-window-bottom">
          </div> <!-- main-panel-content rounded-window-bottom -->
        </div> <!-- panel -->
        <div panel-name="chronological-Suite" class="panel">
          <div class="main-panel-header rounded-window-top">
            <span class="header-content">Methods in chronological order</span>
          </div> <!-- main-panel-header rounded-window-top -->
          <div class="main-panel-content rounded-window-bottom">
            <div class="chronological-class">
              <div class="chronological-class-name">com.nagarro.selenium.Ashwani_4141_SeleniumAssignment2.testcases.SearchPageTest</div> <!-- chronological-class-name -->
              <div class="configuration-class before">
                <span class="method-name">initializeBrowser</span>
                <span class="method-start">0 ms</span>
              </div> <!-- configuration-class before -->
              <div class="configuration-method before">
                <span class="method-name">navigateToUrl(public void com.nagarro.selenium.Ashwani_4141_SeleniumAssignment2.testcases.SearchPageTest.searchADr...)</span>
                <span class="method-start">6782 ms</span>
              </div> <!-- configuration-method before -->
              <div class="test-method">
                <img src="failed.png">
                </img>
                <span class="method-name">searchADress(Printed Summer Dress)</span>
                <span class="method-start">56030 ms</span>
              </div> <!-- test-method -->
              <div class="configuration-method after">
                <span class="method-name">afterMethod([TestResult name=searchADress status=FAILURE method=SearchPageTest.searchADress(java.lang.String)[pr...)</span>
                <span class="method-start">67734 ms</span>
              </div> <!-- configuration-method after -->
              <div class="configuration-method before">
                <span class="method-name">navigateToUrl(public void com.nagarro.selenium.Ashwani_4141_SeleniumAssignment2.testcases.SearchPageTest.validateP...)</span>
                <span class="method-start">68778 ms</span>
              </div> <!-- configuration-method before -->
              <div class="test-method">
                <span class="method-name">validateProductPrize(Faded Short Sleeve T-shirts)</span>
                <span class="method-start">79537 ms</span>
              </div> <!-- test-method -->
              <div class="configuration-method after">
                <span class="method-name">afterMethod([TestResult name=validateProductPrize status=SUCCESS method=SearchPageTest.validateProductPrize(java...)</span>
                <span class="method-start">133787 ms</span>
              </div> <!-- configuration-method after -->
              <div class="configuration-class after">
                <span class="method-name">tearDown</span>
                <span class="method-start">133888 ms</span>
              </div> <!-- configuration-class after -->
            </div> <!-- chronological-class -->
            <div class="chronological-class">
              <div class="chronological-class-name">com.nagarro.selenium.Ashwani_4141_SeleniumAssignment2.testcases.LoginPageTest</div> <!-- chronological-class-name -->
              <div class="configuration-class before">
                <span class="method-name">initializeBrowser</span>
                <span class="method-start">134489 ms</span>
              </div> <!-- configuration-class before -->
              <div class="configuration-method before">
                <span class="method-name">navigateToUrl(public void com.nagarro.selenium.Ashwani_4141_SeleniumAssignment2.testcases.LoginPageTest.navigateTo...)</span>
                <span class="method-start">139565 ms</span>
              </div> <!-- configuration-method before -->
              <div class="test-method">
                <img src="failed.png">
                </img>
                <span class="method-name">navigateToForgotPasswordPage</span>
                <span class="method-start">191307 ms</span>
              </div> <!-- test-method -->
              <div class="configuration-method after">
                <span class="method-name">afterMethod([TestResult name=navigateToForgotPasswordPage status=FAILURE method=LoginPageTest.navigateToForgotPa...)</span>
                <span class="method-start">204137 ms</span>
              </div> <!-- configuration-method after -->
              <div class="configuration-method before">
                <span class="method-name">navigateToUrl(public void com.nagarro.selenium.Ashwani_4141_SeleniumAssignment2.testcases.LoginPageTest.loginUsing...)</span>
                <span class="method-start">204725 ms</span>
              </div> <!-- configuration-method before -->
              <div class="test-method">
                <span class="method-name">loginUsingInvalidEmailAndPassword(test@mail.com, password001)</span>
                <span class="method-start">210173 ms</span>
              </div> <!-- test-method -->
              <div class="configuration-method after">
                <span class="method-name">afterMethod([TestResult name=loginUsingInvalidEmailAndPassword status=SUCCESS method=LoginPageTest.loginUsingInv...)</span>
                <span class="method-start">222676 ms</span>
              </div> <!-- configuration-method after -->
              <div class="configuration-method before">
                <span class="method-name">navigateToUrl(public void com.nagarro.selenium.Ashwani_4141_SeleniumAssignment2.testcases.LoginPageTest.loginUsing...)</span>
                <span class="method-start">222743 ms</span>
              </div> <!-- configuration-method before -->
              <div class="test-method">
                <img src="failed.png">
                </img>
                <span class="method-name">loginUsingInvalidEmailAndPassword(username, password)</span>
                <span class="method-start">234503 ms</span>
              </div> <!-- test-method -->
              <div class="configuration-method after">
                <span class="method-name">afterMethod([TestResult name=loginUsingInvalidEmailAndPassword status=FAILURE method=LoginPageTest.loginUsingInv...)</span>
                <span class="method-start">246238 ms</span>
              </div> <!-- configuration-method after -->
              <div class="configuration-method before">
                <span class="method-name">navigateToUrl(public void com.nagarro.selenium.Ashwani_4141_SeleniumAssignment2.testcases.LoginPageTest.loginUsing...)</span>
                <span class="method-start">246796 ms</span>
              </div> <!-- configuration-method before -->
              <div class="test-method">
                <img src="failed.png">
                </img>
                <span class="method-name">loginUsingValidEmailAndPassword(sharma.ashwani001@gmail.com, WhatP@ssw0rd)</span>
                <span class="method-start">259974 ms</span>
              </div> <!-- test-method -->
              <div class="configuration-method after">
                <span class="method-name">afterMethod([TestResult name=loginUsingValidEmailAndPassword status=FAILURE method=LoginPageTest.loginUsingValid...)</span>
                <span class="method-start">307351 ms</span>
              </div> <!-- configuration-method after -->
              <div class="configuration-class after">
                <span class="method-name">tearDown</span>
                <span class="method-start">307814 ms</span>
              </div> <!-- configuration-class after -->
          </div> <!-- main-panel-content rounded-window-bottom -->
        </div> <!-- panel -->
      </div> <!-- main-panel-root -->
    </div> <!-- wrapper -->
  </body>
<script type="text/javascript" src="testng-reports2.js"></script>
</html>
